d:\visual stdio2015 code\project_c_pushbox_multi_levels\project_c_pushbox_multi_levels\debug\vc140.pdb
d:\visual stdio2015 code\project_c_pushbox_multi_levels\project_c_pushbox_multi_levels\debug\vc140.idb
d:\visual stdio2015 code\project_c_pushbox_multi_levels\project_c_pushbox_multi_levels\debug\project_c_pushbox_multi_levels.obj
d:\visual stdio2015 code\project_c_pushbox_multi_levels\project_c_pushbox_multi_levels\debug\sokoban.obj
d:\visual stdio2015 code\project_c_pushbox_multi_levels\project_c_pushbox_multi_levels\debug\project_c++_pushbox_multi_levels.obj
d:\visual stdio2015 code\project_c_pushbox_multi_levels\debug\project_c_pushbox_multi_levels.pdb
d:\visual stdio2015 code\project_c_pushbox_multi_levels\project_c_pushbox_multi_levels\debug\project_.81a62ffc.tlog\cl.command.1.tlog
d:\visual stdio2015 code\project_c_pushbox_multi_levels\project_c_pushbox_multi_levels\debug\project_.81a62ffc.tlog\cl.read.1.tlog
d:\visual stdio2015 code\project_c_pushbox_multi_levels\project_c_pushbox_multi_levels\debug\project_.81a62ffc.tlog\cl.write.1.tlog
d:\visual stdio2015 code\project_c_pushbox_multi_levels\project_c_pushbox_multi_levels\debug\project_.81a62ffc.tlog\link-cvtres.read.1.tlog
d:\visual stdio2015 code\project_c_pushbox_multi_levels\project_c_pushbox_multi_levels\debug\project_.81a62ffc.tlog\link-cvtres.write.1.tlog
d:\visual stdio2015 code\project_c_pushbox_multi_levels\project_c_pushbox_multi_levels\debug\project_.81a62ffc.tlog\link-rc.read.1.tlog
d:\visual stdio2015 code\project_c_pushbox_multi_levels\project_c_pushbox_multi_levels\debug\project_.81a62ffc.tlog\link-rc.write.1.tlog
d:\visual stdio2015 code\project_c_pushbox_multi_levels\project_c_pushbox_multi_levels\debug\project_.81a62ffc.tlog\link.16388-cvtres.read.1.tlog
d:\visual stdio2015 code\project_c_pushbox_multi_levels\project_c_pushbox_multi_levels\debug\project_.81a62ffc.tlog\link.16388-cvtres.write.1.tlog
d:\visual stdio2015 code\project_c_pushbox_multi_levels\project_c_pushbox_multi_levels\debug\project_.81a62ffc.tlog\link.16388-rc.read.1.tlog
d:\visual stdio2015 code\project_c_pushbox_multi_levels\project_c_pushbox_multi_levels\debug\project_.81a62ffc.tlog\link.16388-rc.write.1.tlog
d:\visual stdio2015 code\project_c_pushbox_multi_levels\project_c_pushbox_multi_levels\debug\project_.81a62ffc.tlog\link.16388.read.1.tlog
d:\visual stdio2015 code\project_c_pushbox_multi_levels\project_c_pushbox_multi_levels\debug\project_.81a62ffc.tlog\link.16388.write.1.tlog
d:\visual stdio2015 code\project_c_pushbox_multi_levels\project_c_pushbox_multi_levels\debug\project_.81a62ffc.tlog\link.command.1.tlog
d:\visual stdio2015 code\project_c_pushbox_multi_levels\project_c_pushbox_multi_levels\debug\project_.81a62ffc.tlog\link.read.1.tlog
d:\visual stdio2015 code\project_c_pushbox_multi_levels\project_c_pushbox_multi_levels\debug\project_.81a62ffc.tlog\link.write.1.tlog
